2017-10-28T07:44:26.282069Z mysqld_safe Logging to '/opt/bitnami/mysql/data/ec27469df571.err'.
2017-10-28T07:44:26.309774Z mysqld_safe Starting mysqld daemon with databases from /opt/bitnami/mysql/data
mysqld: [Warning] World-writable config file '/opt/bitnami/mysql/conf/my.cnf' is ignored.
2017-10-28T07:44:26.539690Z 0 [Warning] TIMESTAMP with implicit DEFAULT value is deprecated. Please use --explicit_defaults_for_timestamp server option (see documentation for more details).
2017-10-28T07:44:26.542288Z 0 [Note] --secure-file-priv is set to NULL. Operations related to importing and exporting data are disabled
2017-10-28T07:44:26.542356Z 0 [Note] /opt/bitnami/mysql/bin/mysqld (mysqld 5.7.20) starting as process 116 ...
2017-10-28T07:44:26.553686Z 0 [Warning] Setting lower_case_table_names=2 because file system for /opt/bitnami/mysql/data/ is case insensitive
2017-10-28T07:44:26.563123Z 0 [Note] InnoDB: PUNCH HOLE support available
2017-10-28T07:44:26.565246Z 0 [Note] InnoDB: Mutexes and rw_locks use GCC atomic builtins
2017-10-28T07:44:26.566091Z 0 [Note] InnoDB: Uses event mutexes
2017-10-28T07:44:26.566901Z 0 [Note] InnoDB: GCC builtin __sync_synchronize() is used for memory barrier
2017-10-28T07:44:26.567276Z 0 [Note] InnoDB: Compressed tables use zlib 1.2.3
2017-10-28T07:44:26.567557Z 0 [Note] InnoDB: Using Linux native AIO
2017-10-28T07:44:26.568078Z 0 [Note] InnoDB: Number of pools: 1
2017-10-28T07:44:26.568573Z 0 [Note] InnoDB: Using CPU crc32 instructions
2017-10-28T07:44:26.570506Z 0 [Note] InnoDB: Initializing buffer pool, total size = 128M, instances = 1, chunk size = 128M
2017-10-28T07:44:26.582170Z 0 [Note] InnoDB: Completed initialization of buffer pool
2017-10-28T07:44:26.584660Z 0 [Note] InnoDB: If the mysqld execution user is authorized, page cleaner thread priority can be changed. See the man page of setpriority().
2017-10-28T07:44:26.636499Z 0 [Note] InnoDB: Highest supported file format is Barracuda.
2017-10-28T07:44:26.727326Z 0 [Note] InnoDB: Creating shared tablespace for temporary tables
2017-10-28T07:44:26.728639Z 0 [Note] InnoDB: Setting file './ibtmp1' size to 12 MB. Physically writing the file full; Please wait ...
2017-10-28T07:44:26.842489Z 0 [Note] InnoDB: File './ibtmp1' size is now 12 MB.
2017-10-28T07:44:26.853211Z 0 [Note] InnoDB: 96 redo rollback segment(s) found. 96 redo rollback segment(s) are active.
2017-10-28T07:44:26.853746Z 0 [Note] InnoDB: 32 non-redo rollback segment(s) are active.
2017-10-28T07:44:26.855261Z 0 [Note] InnoDB: 5.7.20 started; log sequence number 2602473
2017-10-28T07:44:26.856575Z 0 [Note] Plugin 'FEDERATED' is disabled.
2017-10-28T07:44:26.857432Z 0 [Note] InnoDB: Loading buffer pool(s) from /bitnami/mysql/data/ib_buffer_pool
2017-10-28T07:44:26.892828Z 0 [Warning] World-writable config file './auto.cnf' is ignored.
2017-10-28T07:44:26.893905Z 0 [Warning] World-writable config file './auto.cnf' has been removed.

2017-10-28T07:44:26.895411Z 0 [Note] Salting uuid generator variables, current_pid: 116, server_start_time: 1509176666, bytes_sent: 0, 
2017-10-28T07:44:26.896236Z 0 [Note] Generated uuid: 'd2d765b7-bbb3-11e7-bcee-0242ac120005', server_start_time: 32651098807612878, bytes_sent: 67076352
2017-10-28T07:44:26.896702Z 0 [Warning] No existing UUID has been found, so we assume that this is the first time that this server has been started. Generating a new UUID: d2d765b7-bbb3-11e7-bcee-0242ac120005.
2017-10-28T07:44:26.935296Z 0 [Warning] Failed to set up SSL because of the following SSL library error: SSL context is not usable without certificate and private key
2017-10-28T07:44:26.937888Z 0 [Note] Server hostname (bind-address): '*'; port: 3306
2017-10-28T07:44:26.938444Z 0 [Note] IPv6 is available.
2017-10-28T07:44:26.938908Z 0 [Note]   - '::' resolves to '::';
2017-10-28T07:44:26.939583Z 0 [Note] Server socket created on IP: '::'.
2017-10-28T07:44:27.007688Z 0 [Note] InnoDB: Buffer pool(s) load completed at 171028  7:44:26
2017-10-28T07:44:27.464996Z 0 [Note] Event Scheduler: Loaded 0 events
2017-10-28T07:44:27.467068Z 0 [Note] /opt/bitnami/mysql/bin/mysqld: ready for connections.
Version: '5.7.20'  socket: '/tmp/mysql.sock'  port: 3306  MySQL Community Server (GPL)
2017-10-28T07:44:27.468352Z 0 [Note] Executing 'SELECT * FROM INFORMATION_SCHEMA.TABLES;' to get a list of tables using the deprecated partition engine. You may use the startup option '--disable-partition-engine-check' to skip this check. 
2017-10-28T07:44:27.468866Z 0 [Note] Beginning of list of non-natively partitioned tables
2017-10-28T07:44:28.198867Z 0 [Note] End of list of non-natively partitioned tables
